# JRE version: Java(TM) SE Runtime Environment (8.0_161-b12) (build 1.8.0_161-b12)
# Java VM: Java HotSpot(TM) 64-Bit Server VM (25.161-b12 mixed mode linux-amd64 compressed oops)
Heap:
 PSYoungGen      total 445952K, used 16363K [0x00000000d7100000, 0x00000000f3800000, 0x0000000100000000)
  eden space 429568K, 0% used [0x00000000d7100000,0x00000000d7100000,0x00000000f1480000)
  from space 16384K, 99% used [0x00000000f1480000,0x00000000f247ac08,0x00000000f2480000)
  to   space 15360K, 0% used [0x00000000f2480000,0x00000000f2480000,0x00000000f3380000)
 ParOldGen       total 80896K, used 31331K [0x0000000085200000, 0x000000008a100000, 0x00000000d7100000)
  object space 80896K, 38% used [0x0000000085200000,0x0000000087098e10,0x000000008a100000)
 Metaspace       used 52194K, capacity 52758K, committed 53248K, reserved 1095680K
  class space    used 6760K, capacity 6912K, committed 6912K, reserved 1048576K
GC Heap History (10 events):
Event: 3.802 GC heap after
Heap after GC invocations=6 (full 0):
 PSYoungGen      total 265728K, used 5700K [0x00000000d7100000, 0x00000000e8100000, 0x0000000100000000)
  eden space 253952K, 0% used [0x00000000d7100000,0x00000000d7100000,0x00000000e6900000)
  from space 11776K, 48% used [0x00000000e7580000,0x00000000e7b11348,0x00000000e8100000)
  to   space 12288K, 0% used [0x00000000e6900000,0x00000000e6900000,0x00000000e7500000)
 ParOldGen       total 84992K, used 12876K [0x0000000085200000, 0x000000008a500000, 0x00000000d7100000)
  object space 84992K, 15% used [0x0000000085200000,0x0000000085e93010,0x000000008a500000)
 Metaspace       used 20893K, capacity 21204K, committed 21296K, reserved 1069056K
  class space    used 2560K, capacity 2661K, committed 2688K, reserved 1048576K
}
Event: 3.802 GC heap before
{Heap before GC invocations=7 (full 1):
 PSYoungGen      total 265728K, used 5700K [0x00000000d7100000, 0x00000000e8100000, 0x0000000100000000)
  eden space 253952K, 0% used [0x00000000d7100000,0x00000000d7100000,0x00000000e6900000)
  from space 11776K, 48% used [0x00000000e7580000,0x00000000e7b11348,0x00000000e8100000)
  to   space 12288K, 0% used [0x00000000e6900000,0x00000000e6900000,0x00000000e7500000)
 ParOldGen       total 84992K, used 12876K [0x0000000085200000, 0x000000008a500000, 0x00000000d7100000)
  object space 84992K, 15% used [0x0000000085200000,0x0000000085e93010,0x000000008a500000)
 Metaspace       used 20893K, capacity 21204K, committed 21296K, reserved 1069056K
  class space    used 2560K, capacity 2661K, committed 2688K, reserved 1048576K
Event: 3.859 GC heap after
Heap after GC invocations=7 (full 1):
 PSYoungGen      total 265728K, used 0K [0x00000000d7100000, 0x00000000e8100000, 0x0000000100000000)
  eden space 253952K, 0% used [0x00000000d7100000,0x00000000d7100000,0x00000000e6900000)
  from space 11776K, 0% used [0x00000000e7580000,0x00000000e7580000,0x00000000e8100000)
  to   space 12288K, 0% used [0x00000000e6900000,0x00000000e6900000,0x00000000e7500000)
 ParOldGen       total 54784K, used 8297K [0x0000000085200000, 0x0000000088780000, 0x00000000d7100000)
  object space 54784K, 15% used [0x0000000085200000,0x0000000085a1a5c8,0x0000000088780000)
 Metaspace       used 20893K, capacity 21204K, committed 21296K, reserved 1069056K
  class space    used 2560K, capacity 2661K, committed 2688K, reserved 1048576K
}
Event: 6.582 GC heap before
{Heap before GC invocations=8 (full 1):
 PSYoungGen      total 265728K, used 253952K [0x00000000d7100000, 0x00000000e8100000, 0x0000000100000000)
  eden space 253952K, 100% used [0x00000000d7100000,0x00000000e6900000,0x00000000e6900000)
  from space 11776K, 0% used [0x00000000e7580000,0x00000000e7580000,0x00000000e8100000)
  to   space 12288K, 0% used [0x00000000e6900000,0x00000000e6900000,0x00000000e7500000)
 ParOldGen       total 54784K, used 8297K [0x0000000085200000, 0x0000000088780000, 0x00000000d7100000)
  object space 54784K, 15% used [0x0000000085200000,0x0000000085a1a5c8,0x0000000088780000)
 Metaspace       used 31332K, capacity 31822K, committed 32128K, reserved 1077248K
  class space    used 3968K, capacity 4106K, committed 4224K, reserved 1048576K
Event: 6.608 GC heap after
Heap after GC invocations=8 (full 1):
 PSYoungGen      total 266240K, used 12277K [0x00000000d7100000, 0x00000000f3380000, 0x0000000100000000)
  eden space 253952K, 0% used [0x00000000d7100000,0x00000000d7100000,0x00000000e6900000)
  from space 12288K, 99% used [0x00000000e6900000,0x00000000e74fd768,0x00000000e7500000)
  to   space 15360K, 0% used [0x00000000f2480000,0x00000000f2480000,0x00000000f3380000)
 ParOldGen       total 54784K, used 10599K [0x0000000085200000, 0x0000000088780000, 0x00000000d7100000)
  object space 54784K, 19% used [0x0000000085200000,0x0000000085c59e08,0x0000000088780000)
 Metaspace       used 31332K, capacity 31822K, committed 32128K, reserved 1077248K
  class space    used 3968K, capacity 4106K, committed 4224K, reserved 1048576K
}
Event: 7.348 GC heap before
{Heap before GC invocations=9 (full 1):
 PSYoungGen      total 266240K, used 45187K [0x00000000d7100000, 0x00000000f3380000, 0x0000000100000000)
  eden space 253952K, 12% used [0x00000000d7100000,0x00000000d9123888,0x00000000e6900000)
  from space 12288K, 99% used [0x00000000e6900000,0x00000000e74fd768,0x00000000e7500000)
  to   space 15360K, 0% used [0x00000000f2480000,0x00000000f2480000,0x00000000f3380000)
 ParOldGen       total 54784K, used 10599K [0x0000000085200000, 0x0000000088780000, 0x00000000d7100000)
  object space 54784K, 19% used [0x0000000085200000,0x0000000085c59e08,0x0000000088780000)
 Metaspace       used 34827K, capacity 35256K, committed 35456K, reserved 1081344K
  class space    used 4322K, capacity 4433K, committed 4480K, reserved 1048576K
Event: 7.379 GC heap after
Heap after GC invocations=9 (full 1):
 PSYoungGen      total 444928K, used 12770K [0x00000000d7100000, 0x00000000f3800000, 0x0000000100000000)
  eden space 429568K, 0% used [0x00000000d7100000,0x00000000d7100000,0x00000000f1480000)
  from space 15360K, 83% used [0x00000000f2480000,0x00000000f30f8b60,0x00000000f3380000)
  to   space 16384K, 0% used [0x00000000f1480000,0x00000000f1480000,0x00000000f2480000)
 ParOldGen       total 54784K, used 10607K [0x0000000085200000, 0x0000000088780000, 0x00000000d7100000)
  object space 54784K, 19% used [0x0000000085200000,0x0000000085c5be08,0x0000000088780000)
 Metaspace       used 34827K, capacity 35256K, committed 35456K, reserved 1081344K
  class space    used 4322K, capacity 4433K, committed 4480K, reserved 1048576K
}
Event: 7.379 GC heap before
{Heap before GC invocations=10 (full 2):
 PSYoungGen      total 444928K, used 12770K [0x00000000d7100000, 0x00000000f3800000, 0x0000000100000000)
  eden space 429568K, 0% used [0x00000000d7100000,0x00000000d7100000,0x00000000f1480000)
  from space 15360K, 83% used [0x00000000f2480000,0x00000000f30f8b60,0x00000000f3380000)
  to   space 16384K, 0% used [0x00000000f1480000,0x00000000f1480000,0x00000000f2480000)
 ParOldGen       total 54784K, used 10607K [0x0000000085200000, 0x0000000088780000, 0x00000000d7100000)
  object space 54784K, 19% used [0x0000000085200000,0x0000000085c5be08,0x0000000088780000)
 Metaspace       used 34827K, capacity 35256K, committed 35456K, reserved 1081344K
  class space    used 4322K, capacity 4433K, committed 4480K, reserved 1048576K
Event: 7.460 GC heap after
Heap after GC invocations=10 (full 2):
 PSYoungGen      total 444928K, used 0K [0x00000000d7100000, 0x00000000f3800000, 0x0000000100000000)
  eden space 429568K, 0% used [0x00000000d7100000,0x00000000d7100000,0x00000000f1480000)
  from space 15360K, 0% used [0x00000000f2480000,0x00000000f2480000,0x00000000f3380000)
  to   space 16384K, 0% used [0x00000000f1480000,0x00000000f1480000,0x00000000f2480000)
 ParOldGen       total 80896K, used 20334K [0x0000000085200000, 0x000000008a100000, 0x00000000d7100000)
  object space 80896K, 25% used [0x0000000085200000,0x00000000865db928,0x000000008a100000)
 Metaspace       used 34827K, capacity 35256K, committed 35456K, reserved 1081344K
  class space    used 4322K, capacity 4433K, committed 4480K, reserved 1048576K
}
Event: 12.125 GC heap before
{Heap before GC invocations=11 (full 2):
 PSYoungGen      total 444928K, used 429568K [0x00000000d7100000, 0x00000000f3800000, 0x0000000100000000)
  eden space 429568K, 100% used [0x00000000d7100000,0x00000000f1480000,0x00000000f1480000)
  from space 15360K, 0% used [0x00000000f2480000,0x00000000f2480000,0x00000000f3380000)
  to   space 16384K, 0% used [0x00000000f1480000,0x00000000f1480000,0x00000000f2480000)
 ParOldGen       total 80896K, used 20334K [0x0000000085200000, 0x000000008a100000, 0x00000000d7100000)
  object space 80896K, 25% used [0x0000000085200000,0x00000000865db928,0x000000008a100000)
 Metaspace       used 52194K, capacity 52758K, committed 53248K, reserved 1095680K
  class space    used 6760K, capacity 6912K, committed 6912K, reserved 1048576K

